Using pre-set license
Built from '2022.1/staging' branch; Version is '2022.1.16f1 (7321c9670bc2) revision 7545289'; Using compiler version '192829333'; Build Type 'Release'
OS: 'Windows 11  (10.0.22631) 64bit Core' Language: 'en' Physical Memory: 32535 MB
BatchMode: 1, IsHumanControllingUs: 0, StartBugReporterOnCrash: 0, Is64bit: 1, IsPro: 1

COMMAND LINE ARGUMENTS:
C:\Program Files\Unity\Hub\Editor\2022.1.16f1\Editor\Unity.exe
-adb2
-batchMode
-noUpm
-name
AssetImportWorker4
-projectPath
C:/Users/leeja/Documents/Flatland
-logFile
Logs/AssetImportWorker4.log
-srvPort
52638
Successfully changed project path to: C:/Users/leeja/Documents/Flatland
C:/Users/leeja/Documents/Flatland
[UnityMemory] Configuration Parameters - Can be set up in boot.config
    "memorysetup-bucket-allocator-granularity=16"
    "memorysetup-bucket-allocator-bucket-count=8"
    "memorysetup-bucket-allocator-block-size=33554432"
    "memorysetup-bucket-allocator-block-count=8"
    "memorysetup-main-allocator-block-size=16777216"
    "memorysetup-thread-allocator-block-size=16777216"
    "memorysetup-gfx-main-allocator-block-size=16777216"
    "memorysetup-gfx-thread-allocator-block-size=16777216"
    "memorysetup-cache-allocator-block-size=4194304"
    "memorysetup-typetree-allocator-block-size=2097152"
    "memorysetup-profiler-bucket-allocator-granularity=16"
    "memorysetup-profiler-bucket-allocator-bucket-count=8"
    "memorysetup-profiler-bucket-allocator-block-size=33554432"
    "memorysetup-profiler-bucket-allocator-block-count=8"
    "memorysetup-profiler-allocator-block-size=16777216"
    "memorysetup-profiler-editor-allocator-block-size=1048576"
    "memorysetup-temp-allocator-size-main=16777216"
    "memorysetup-job-temp-allocator-block-size=2097152"
    "memorysetup-job-temp-allocator-block-size-background=1048576"
    "memorysetup-job-temp-allocator-reduction-small-platforms=262144"
    "memorysetup-temp-allocator-size-background-worker=32768"
    "memorysetup-temp-allocator-size-job-worker=262144"
    "memorysetup-temp-allocator-size-preload-manager=33554432"
    "memorysetup-temp-allocator-size-nav-mesh-worker=65536"
    "memorysetup-temp-allocator-size-audio-worker=65536"
    "memorysetup-temp-allocator-size-cloud-worker=32768"
    "memorysetup-temp-allocator-size-gi-baking-worker=262144"
    "memorysetup-temp-allocator-size-gfx=262144"
Refreshing native plugins compatible for Editor in 70.66 ms, found 3 plugins.
Preloading 0 native plugins for Editor in 0.00 ms.
Initialize engine version: 2022.1.16f1 (7321c9670bc2)
[Subsystems] Discovering subsystems at path C:/Program Files/Unity/Hub/Editor/2022.1.16f1/Editor/Data/Resources/UnitySubsystems
[Subsystems] Discovering subsystems at path C:/Users/leeja/Documents/Flatland/Assets
GfxDevice: creating device client; threaded=0; jobified=0
Direct3D:
    Version:  Direct3D 11.0 [level 11.1]
    Renderer: NVIDIA GeForce RTX 4070 Ti (ID=0x2782)
    Vendor:   NVIDIA
    VRAM:     11996 MB
    Driver:   32.0.15.6094
Initialize mono
Mono path[0] = 'C:/Program Files/Unity/Hub/Editor/2022.1.16f1/Editor/Data/Managed'
Mono path[1] = 'C:/Program Files/Unity/Hub/Editor/2022.1.16f1/Editor/Data/MonoBleedingEdge/lib/mono/unityjit-win32'
Mono config path = 'C:/Program Files/Unity/Hub/Editor/2022.1.16f1/Editor/Data/MonoBleedingEdge/etc'
Using monoOptions --debugger-agent=transport=dt_socket,embedding=1,server=y,suspend=n,address=127.0.0.1:56464
Begin MonoManager ReloadAssembly
Registering precompiled unity dll's ...
Register platform support module: C:/Program Files/Unity/Hub/Editor/2022.1.16f1/Editor/Data/PlaybackEngines/WebGLSupport/UnityEditor.WebGL.Extensions.dll
Register platform support module: C:/Program Files/Unity/Hub/Editor/2022.1.16f1/Editor/Data/PlaybackEngines/WindowsStandaloneSupport/UnityEditor.WindowsStandalone.Extensions.dll
Registered in 0.004080 seconds.
Native extension for WindowsStandalone target not found
Native extension for WebGL target not found
Refreshing native plugins compatible for Editor in 54.78 ms, found 3 plugins.
Preloading 0 native plugins for Editor in 0.00 ms.
Mono: successfully reloaded assembly
- Completed reload, in  0.387 seconds
Domain Reload Profiling:
	ReloadAssembly (387ms)
		BeginReloadAssembly (48ms)
			ExecutionOrderSort (0ms)
			DisableScriptedObjects (0ms)
			BackupInstance (0ms)
			ReleaseScriptingObjects (0ms)
			CreateAndSetChildDomain (0ms)
		EndReloadAssembly (271ms)
			LoadAssemblies (47ms)
			RebuildTransferFunctionScriptingTraits (0ms)
			SetupTypeCache (61ms)
				TypeCache.Initialize (61ms)
					TypeCache.ScanAssembly (60ms)
				ResolveRequiredComponents (0ms)
			ReleaseScriptCaches (0ms)
			RebuildScriptCaches (15ms)
			SetupLoadedEditorAssemblies (163ms)
				LogAssemblyErrors (0ms)
				InitializePlatformSupportModulesInManaged (5ms)
				SetLoadedEditorAssemblies (4ms)
				RefreshPlugins (55ms)
				BeforeProcessingInitializeOnLoad (1ms)
				ProcessInitializeOnLoadAttributes (73ms)
				ProcessInitializeOnLoadMethodAttributes (25ms)
				AfterProcessingInitializeOnLoad (0ms)
				EditorAssembliesLoaded (0ms)
			ExecutionOrderSort2 (0ms)
			AwakeInstancesAfterBackupRestoration (0ms)
Platform modules already initialized, skipping
Registering precompiled user dll's ...
Registered in 0.003688 seconds.
Begin MonoManager ReloadAssembly
Symbol file LoadedFromMemory doesn't match image C:\Users\leeja\Documents\Flatland\Library\PackageCache\com.unity.visualscripting@1.7.8\Editor\VisualScripting.Core\Dependencies\YamlDotNet\Unity.VisualScripting.YamlDotNet.dll
Symbol file LoadedFromMemory doesn't match image C:\Users\leeja\Documents\Flatland\Library\PackageCache\com.unity.visualscripting@1.7.8\Editor\VisualScripting.Core\Dependencies\DotNetZip\Unity.VisualScripting.IonicZip.dll
Native extension for WindowsStandalone target not found
Native extension for WebGL target not found
Refreshing native plugins compatible for Editor in 55.73 ms, found 3 plugins.
Preloading 0 native plugins for Editor in 0.00 ms.
Mono: successfully reloaded assembly
- Completed reload, in  0.730 seconds
Domain Reload Profiling:
	ReloadAssembly (731ms)
		BeginReloadAssembly (67ms)
			ExecutionOrderSort (0ms)
			DisableScriptedObjects (3ms)
			BackupInstance (0ms)
			ReleaseScriptingObjects (0ms)
			CreateAndSetChildDomain (12ms)
		EndReloadAssembly (598ms)
			LoadAssemblies (54ms)
			RebuildTransferFunctionScriptingTraits (0ms)
			SetupTypeCache (165ms)
				TypeCache.Initialize (163ms)
					TypeCache.ScanAssembly (161ms)
				ResolveRequiredComponents (3ms)
			ReleaseScriptCaches (0ms)
			RebuildScriptCaches (32ms)
			SetupLoadedEditorAssemblies (315ms)
				LogAssemblyErrors (0ms)
				InitializePlatformSupportModulesInManaged (4ms)
				SetLoadedEditorAssemblies (4ms)
				RefreshPlugins (56ms)
				BeforeProcessingInitializeOnLoad (61ms)
				ProcessInitializeOnLoadAttributes (147ms)
				ProcessInitializeOnLoadMethodAttributes (39ms)
				AfterProcessingInitializeOnLoad (4ms)
				EditorAssembliesLoaded (0ms)
			ExecutionOrderSort2 (0ms)
			AwakeInstancesAfterBackupRestoration (4ms)
Platform modules already initialized, skipping
========================================================================
Worker process is ready to serve import requests
Launched and connected shader compiler UnityShaderCompiler.exe after 0.04 seconds
Refreshing native plugins compatible for Editor in 0.62 ms, found 3 plugins.
Preloading 0 native plugins for Editor in 0.00 ms.
Unloading 4781 Unused Serialized files (Serialized files now loaded: 0)
Unloading 31 unused Assets / (355.5 KB). Loaded Objects now: 5264.
Memory consumption went from 0.73 GB to 0.73 GB.
Total: 2.400400 ms (FindLiveObjects: 0.213600 ms CreateObjectMapping: 0.066800 ms MarkObjects: 1.972700 ms  DeleteObjects: 0.146700 ms)

AssetImportParameters requested are different than current active one (requested -> active):
  custom:video-decoder-ogg-theora: a1e56fd34408186e4bbccfd4996cb3dc -> 
  custom:container-muxer-webm: aa71ff27fc2769a1b78a27578f13a17b -> 
  custom:container-demuxer-webm: 4f35f7cbe854078d1ac9338744f61a02 -> 
  custom:video-encoder-webm-vp8: eb34c28f22e8b96e1ab97ce403110664 -> 
  custom:video-codec-MediaFoundation-h265: 746d11721c4dcdbdad8f713fa42b33f4 -> 
  custom:audio-encoder-webm-vorbis: bf7c407c2cedff20999df2af8eb42d56 -> 
  custom:framework-win-MediaFoundation: 216162199b28c13a410421893ffa2e32 -> 
  custom:container-demuxer-ogg: 62fdf1f143b41e24485cea50d1cbac27 -> 
  custom:video-decoder-webm-vp8: 9c59270c3fd7afecdb556c50c9e8de78 -> 
  custom:audio-decoder-ogg-vorbis: bf7c407c2cedff20999df2af8eb42d56 -> 
========================================================================
Received Import Request.
  Time since last request: 608480.283622 seconds.
  path: Assets/Materials/Ballmats/Yellow 1.mat
  artifactKey: Guid(c69c7998d5684ec468830d06a014513f) Importer(815301076,1909f56bfc062723c751e8b465ee728b)
Start importing Assets/Materials/Ballmats/Yellow 1.mat using Guid(c69c7998d5684ec468830d06a014513f) Importer(815301076,1909f56bfc062723c751e8b465ee728b)  -> (artifact id: '96c64a4f3adc983b4cee918314c5804b') in 0.076102 seconds 
========================================================================
Received Import Request.
  Time since last request: 0.999050 seconds.
  path: Assets/Materials/Ballmats/Yellow 2.mat
  artifactKey: Guid(00811d53427f9d54c9b9143b63e39df4) Importer(815301076,1909f56bfc062723c751e8b465ee728b)
Start importing Assets/Materials/Ballmats/Yellow 2.mat using Guid(00811d53427f9d54c9b9143b63e39df4) Importer(815301076,1909f56bfc062723c751e8b465ee728b)  -> (artifact id: '103d053bd4bf08b53e847e50a93d77a3') in 0.016201 seconds 
========================================================================
Received Import Request.
  Time since last request: 0.771614 seconds.
  path: Assets/Materials/Ballmats/Yellow 3.mat
  artifactKey: Guid(2e17d9f95568ced42baecc8d78f80a49) Importer(815301076,1909f56bfc062723c751e8b465ee728b)
Start importing Assets/Materials/Ballmats/Yellow 3.mat using Guid(2e17d9f95568ced42baecc8d78f80a49) Importer(815301076,1909f56bfc062723c751e8b465ee728b)  -> (artifact id: '651c10bff8a9a540d5ffea9e5199310a') in 0.011309 seconds 
========================================================================
Received Import Request.
  Time since last request: 4.227346 seconds.
  path: Assets/Materials/Ballmats/Purple.mat
  artifactKey: Guid(c69c7998d5684ec468830d06a014513f) Importer(815301076,1909f56bfc062723c751e8b465ee728b)
Start importing Assets/Materials/Ballmats/Purple.mat using Guid(c69c7998d5684ec468830d06a014513f) Importer(815301076,1909f56bfc062723c751e8b465ee728b)  -> (artifact id: '588f391310ad45fe82d76186fd304adc') in 0.018022 seconds 
========================================================================
Received Prepare
Registering precompiled user dll's ...
Registered in 0.003866 seconds.
Begin MonoManager ReloadAssembly
Symbol file LoadedFromMemory doesn't match image C:\Users\leeja\Documents\Flatland\Library\PackageCache\com.unity.visualscripting@1.7.8\Editor\VisualScripting.Core\Dependencies\YamlDotNet\Unity.VisualScripting.YamlDotNet.dll
Symbol file LoadedFromMemory doesn't match image C:\Users\leeja\Documents\Flatland\Library\PackageCache\com.unity.visualscripting@1.7.8\Editor\VisualScripting.Core\Dependencies\DotNetZip\Unity.VisualScripting.IonicZip.dll
Native extension for WindowsStandalone target not found
Native extension for WebGL target not found
Refreshing native plugins compatible for Editor in 0.62 ms, found 3 plugins.
Preloading 0 native plugins for Editor in 0.00 ms.
Mono: successfully reloaded assembly
- Completed reload, in  0.674 seconds
Domain Reload Profiling:
	ReloadAssembly (674ms)
		BeginReloadAssembly (87ms)
			ExecutionOrderSort (0ms)
			DisableScriptedObjects (2ms)
			BackupInstance (0ms)
			ReleaseScriptingObjects (0ms)
			CreateAndSetChildDomain (25ms)
		EndReloadAssembly (533ms)
			LoadAssemblies (57ms)
			RebuildTransferFunctionScriptingTraits (0ms)
			SetupTypeCache (167ms)
				TypeCache.Initialize (165ms)
					TypeCache.ScanAssembly (161ms)
				ResolveRequiredComponents (3ms)
			ReleaseScriptCaches (1ms)
			RebuildScriptCaches (26ms)
			SetupLoadedEditorAssemblies (249ms)
				LogAssemblyErrors (0ms)
				InitializePlatformSupportModulesInManaged (9ms)
				SetLoadedEditorAssemblies (4ms)
				RefreshPlugins (1ms)
				BeforeProcessingInitializeOnLoad (48ms)
				ProcessInitializeOnLoadAttributes (139ms)
				ProcessInitializeOnLoadMethodAttributes (43ms)
				AfterProcessingInitializeOnLoad (5ms)
				EditorAssembliesLoaded (0ms)
			ExecutionOrderSort2 (0ms)
			AwakeInstancesAfterBackupRestoration (4ms)
Platform modules already initialized, skipping
Refreshing native plugins compatible for Editor in 1.43 ms, found 3 plugins.
Preloading 0 native plugins for Editor in 0.00 ms.
Unloading 4730 Unused Serialized files (Serialized files now loaded: 0)
Unloading 24 unused Assets / (345.4 KB). Loaded Objects now: 5308.
Memory consumption went from 0.72 GB to 0.72 GB.
Total: 2.159900 ms (FindLiveObjects: 0.182600 ms CreateObjectMapping: 0.069200 ms MarkObjects: 1.765700 ms  DeleteObjects: 0.141300 ms)

AssetImportParameters requested are different than current active one (requested -> active):
  custom:video-decoder-ogg-theora: a1e56fd34408186e4bbccfd4996cb3dc -> 
  custom:container-muxer-webm: aa71ff27fc2769a1b78a27578f13a17b -> 
  custom:container-demuxer-webm: 4f35f7cbe854078d1ac9338744f61a02 -> 
  custom:video-encoder-webm-vp8: eb34c28f22e8b96e1ab97ce403110664 -> 
  custom:video-codec-MediaFoundation-h265: 746d11721c4dcdbdad8f713fa42b33f4 -> 
  custom:audio-encoder-webm-vorbis: bf7c407c2cedff20999df2af8eb42d56 -> 
  custom:framework-win-MediaFoundation: 216162199b28c13a410421893ffa2e32 -> 
  custom:container-demuxer-ogg: 62fdf1f143b41e24485cea50d1cbac27 -> 
  custom:video-decoder-webm-vp8: 9c59270c3fd7afecdb556c50c9e8de78 -> 
  custom:audio-decoder-ogg-vorbis: bf7c407c2cedff20999df2af8eb42d56 -> 
========================================================================
Received Prepare
Registering precompiled user dll's ...
Registered in 0.003395 seconds.
Begin MonoManager ReloadAssembly
Symbol file LoadedFromMemory doesn't match image C:\Users\leeja\Documents\Flatland\Library\PackageCache\com.unity.visualscripting@1.7.8\Editor\VisualScripting.Core\Dependencies\YamlDotNet\Unity.VisualScripting.YamlDotNet.dll
Symbol file LoadedFromMemory doesn't match image C:\Users\leeja\Documents\Flatland\Library\PackageCache\com.unity.visualscripting@1.7.8\Editor\VisualScripting.Core\Dependencies\DotNetZip\Unity.VisualScripting.IonicZip.dll
Native extension for WindowsStandalone target not found
Native extension for WebGL target not found
Refreshing native plugins compatible for Editor in 0.62 ms, found 3 plugins.
Preloading 0 native plugins for Editor in 0.00 ms.
Mono: successfully reloaded assembly
- Completed reload, in  0.678 seconds
Domain Reload Profiling:
	ReloadAssembly (678ms)
		BeginReloadAssembly (80ms)
			ExecutionOrderSort (0ms)
			DisableScriptedObjects (2ms)
			BackupInstance (0ms)
			ReleaseScriptingObjects (0ms)
			CreateAndSetChildDomain (22ms)
		EndReloadAssembly (539ms)
			LoadAssemblies (53ms)
			RebuildTransferFunctionScriptingTraits (0ms)
			SetupTypeCache (170ms)
				TypeCache.Initialize (167ms)
					TypeCache.ScanAssembly (163ms)
				ResolveRequiredComponents (3ms)
			ReleaseScriptCaches (1ms)
			RebuildScriptCaches (27ms)
			SetupLoadedEditorAssemblies (256ms)
				LogAssemblyErrors (0ms)
				InitializePlatformSupportModulesInManaged (9ms)
				SetLoadedEditorAssemblies (5ms)
				RefreshPlugins (1ms)
				BeforeProcessingInitializeOnLoad (50ms)
				ProcessInitializeOnLoadAttributes (144ms)
				ProcessInitializeOnLoadMethodAttributes (42ms)
				AfterProcessingInitializeOnLoad (4ms)
				EditorAssembliesLoaded (0ms)
			ExecutionOrderSort2 (0ms)
			AwakeInstancesAfterBackupRestoration (5ms)
Platform modules already initialized, skipping
Refreshing native plugins compatible for Editor in 1.28 ms, found 3 plugins.
Preloading 0 native plugins for Editor in 0.00 ms.
Unloading 4731 Unused Serialized files (Serialized files now loaded: 0)
Unloading 24 unused Assets / (352.4 KB). Loaded Objects now: 5311.
Memory consumption went from 0.72 GB to 0.72 GB.
Total: 2.042700 ms (FindLiveObjects: 0.171700 ms CreateObjectMapping: 0.069100 ms MarkObjects: 1.655300 ms  DeleteObjects: 0.145700 ms)

AssetImportParameters requested are different than current active one (requested -> active):
  custom:video-decoder-ogg-theora: a1e56fd34408186e4bbccfd4996cb3dc -> 
  custom:container-muxer-webm: aa71ff27fc2769a1b78a27578f13a17b -> 
  custom:container-demuxer-webm: 4f35f7cbe854078d1ac9338744f61a02 -> 
  custom:video-encoder-webm-vp8: eb34c28f22e8b96e1ab97ce403110664 -> 
  custom:video-codec-MediaFoundation-h265: 746d11721c4dcdbdad8f713fa42b33f4 -> 
  custom:audio-encoder-webm-vorbis: bf7c407c2cedff20999df2af8eb42d56 -> 
  custom:framework-win-MediaFoundation: 216162199b28c13a410421893ffa2e32 -> 
  custom:container-demuxer-ogg: 62fdf1f143b41e24485cea50d1cbac27 -> 
  custom:video-decoder-webm-vp8: 9c59270c3fd7afecdb556c50c9e8de78 -> 
  custom:audio-decoder-ogg-vorbis: bf7c407c2cedff20999df2af8eb42d56 -> 
========================================================================
Received Import Request.
  Time since last request: 132.802440 seconds.
  path: Assets/Materials/Ballmats/Purple.mat
  artifactKey: Guid(c69c7998d5684ec468830d06a014513f) Importer(815301076,1909f56bfc062723c751e8b465ee728b)
Start importing Assets/Materials/Ballmats/Purple.mat using Guid(c69c7998d5684ec468830d06a014513f) Importer(815301076,1909f56bfc062723c751e8b465ee728b)  -> (artifact id: 'd97bac98c8af2addd28208e1cf925ef4') in 0.043808 seconds 
========================================================================
Received Prepare
Registering precompiled user dll's ...
Registered in 0.003581 seconds.
Begin MonoManager ReloadAssembly
Symbol file LoadedFromMemory doesn't match image C:\Users\leeja\Documents\Flatland\Library\PackageCache\com.unity.visualscripting@1.7.8\Editor\VisualScripting.Core\Dependencies\YamlDotNet\Unity.VisualScripting.YamlDotNet.dll
Symbol file LoadedFromMemory doesn't match image C:\Users\leeja\Documents\Flatland\Library\PackageCache\com.unity.visualscripting@1.7.8\Editor\VisualScripting.Core\Dependencies\DotNetZip\Unity.VisualScripting.IonicZip.dll
Native extension for WindowsStandalone target not found
Native extension for WebGL target not found
Refreshing native plugins compatible for Editor in 0.54 ms, found 3 plugins.
Preloading 0 native plugins for Editor in 0.00 ms.
Mono: successfully reloaded assembly
- Completed reload, in  0.672 seconds
Domain Reload Profiling:
	ReloadAssembly (673ms)
		BeginReloadAssembly (83ms)
			ExecutionOrderSort (0ms)
			DisableScriptedObjects (2ms)
			BackupInstance (0ms)
			ReleaseScriptingObjects (0ms)
			CreateAndSetChildDomain (24ms)
		EndReloadAssembly (535ms)
			LoadAssemblies (54ms)
			RebuildTransferFunctionScriptingTraits (0ms)
			SetupTypeCache (166ms)
				TypeCache.Initialize (163ms)
					TypeCache.ScanAssembly (160ms)
				ResolveRequiredComponents (3ms)
			ReleaseScriptCaches (1ms)
			RebuildScriptCaches (28ms)
			SetupLoadedEditorAssemblies (255ms)
				LogAssemblyErrors (0ms)
				InitializePlatformSupportModulesInManaged (9ms)
				SetLoadedEditorAssemblies (4ms)
				RefreshPlugins (1ms)
				BeforeProcessingInitializeOnLoad (51ms)
				ProcessInitializeOnLoadAttributes (143ms)
				ProcessInitializeOnLoadMethodAttributes (42ms)
				AfterProcessingInitializeOnLoad (5ms)
				EditorAssembliesLoaded (0ms)
			ExecutionOrderSort2 (0ms)
			AwakeInstancesAfterBackupRestoration (5ms)
Platform modules already initialized, skipping
Refreshing native plugins compatible for Editor in 1.68 ms, found 3 plugins.
Preloading 0 native plugins for Editor in 0.00 ms.
Unloading 4730 Unused Serialized files (Serialized files now loaded: 0)
Unloading 24 unused Assets / (345.1 KB). Loaded Objects now: 5314.
Memory consumption went from 0.72 GB to 0.72 GB.
Total: 2.188700 ms (FindLiveObjects: 0.171300 ms CreateObjectMapping: 0.197300 ms MarkObjects: 1.672200 ms  DeleteObjects: 0.146900 ms)

AssetImportParameters requested are different than current active one (requested -> active):
  custom:video-decoder-ogg-theora: a1e56fd34408186e4bbccfd4996cb3dc -> 
  custom:container-muxer-webm: aa71ff27fc2769a1b78a27578f13a17b -> 
  custom:container-demuxer-webm: 4f35f7cbe854078d1ac9338744f61a02 -> 
  custom:video-encoder-webm-vp8: eb34c28f22e8b96e1ab97ce403110664 -> 
  custom:video-codec-MediaFoundation-h265: 746d11721c4dcdbdad8f713fa42b33f4 -> 
  custom:audio-encoder-webm-vorbis: bf7c407c2cedff20999df2af8eb42d56 -> 
  custom:framework-win-MediaFoundation: 216162199b28c13a410421893ffa2e32 -> 
  custom:container-demuxer-ogg: 62fdf1f143b41e24485cea50d1cbac27 -> 
  custom:video-decoder-webm-vp8: 9c59270c3fd7afecdb556c50c9e8de78 -> 
  custom:audio-decoder-ogg-vorbis: bf7c407c2cedff20999df2af8eb42d56 -> 
========================================================================
Received Prepare
Registering precompiled user dll's ...
Registered in 0.003539 seconds.
Begin MonoManager ReloadAssembly
Symbol file LoadedFromMemory doesn't match image C:\Users\leeja\Documents\Flatland\Library\PackageCache\com.unity.visualscripting@1.7.8\Editor\VisualScripting.Core\Dependencies\YamlDotNet\Unity.VisualScripting.YamlDotNet.dll
Symbol file LoadedFromMemory doesn't match image C:\Users\leeja\Documents\Flatland\Library\PackageCache\com.unity.visualscripting@1.7.8\Editor\VisualScripting.Core\Dependencies\DotNetZip\Unity.VisualScripting.IonicZip.dll
Native extension for WindowsStandalone target not found
Native extension for WebGL target not found
Refreshing native plugins compatible for Editor in 0.54 ms, found 3 plugins.
Preloading 0 native plugins for Editor in 0.00 ms.
Mono: successfully reloaded assembly
- Completed reload, in  0.661 seconds
Domain Reload Profiling:
	ReloadAssembly (661ms)
		BeginReloadAssembly (84ms)
			ExecutionOrderSort (0ms)
			DisableScriptedObjects (2ms)
			BackupInstance (0ms)
			ReleaseScriptingObjects (0ms)
			CreateAndSetChildDomain (24ms)
		EndReloadAssembly (524ms)
			LoadAssemblies (54ms)
			RebuildTransferFunctionScriptingTraits (0ms)
			SetupTypeCache (159ms)
				TypeCache.Initialize (156ms)
					TypeCache.ScanAssembly (153ms)
				ResolveRequiredComponents (3ms)
			ReleaseScriptCaches (1ms)
			RebuildScriptCaches (26ms)
			SetupLoadedEditorAssemblies (250ms)
				LogAssemblyErrors (0ms)
				InitializePlatformSupportModulesInManaged (9ms)
				SetLoadedEditorAssemblies (4ms)
				RefreshPlugins (1ms)
				BeforeProcessingInitializeOnLoad (49ms)
				ProcessInitializeOnLoadAttributes (139ms)
				ProcessInitializeOnLoadMethodAttributes (44ms)
				AfterProcessingInitializeOnLoad (5ms)
				EditorAssembliesLoaded (0ms)
			ExecutionOrderSort2 (0ms)
			AwakeInstancesAfterBackupRestoration (5ms)
Platform modules already initialized, skipping
Refreshing native plugins compatible for Editor in 1.67 ms, found 3 plugins.
Preloading 0 native plugins for Editor in 0.00 ms.
Unloading 4731 Unused Serialized files (Serialized files now loaded: 0)
Unloading 24 unused Assets / (352.3 KB). Loaded Objects now: 5317.
Memory consumption went from 0.72 GB to 0.72 GB.
Total: 2.105400 ms (FindLiveObjects: 0.159300 ms CreateObjectMapping: 0.057900 ms MarkObjects: 1.734000 ms  DeleteObjects: 0.153200 ms)

AssetImportParameters requested are different than current active one (requested -> active):
  custom:video-decoder-ogg-theora: a1e56fd34408186e4bbccfd4996cb3dc -> 
  custom:container-muxer-webm: aa71ff27fc2769a1b78a27578f13a17b -> 
  custom:container-demuxer-webm: 4f35f7cbe854078d1ac9338744f61a02 -> 
  custom:video-encoder-webm-vp8: eb34c28f22e8b96e1ab97ce403110664 -> 
  custom:video-codec-MediaFoundation-h265: 746d11721c4dcdbdad8f713fa42b33f4 -> 
  custom:audio-encoder-webm-vorbis: bf7c407c2cedff20999df2af8eb42d56 -> 
  custom:framework-win-MediaFoundation: 216162199b28c13a410421893ffa2e32 -> 
  custom:container-demuxer-ogg: 62fdf1f143b41e24485cea50d1cbac27 -> 
  custom:video-decoder-webm-vp8: 9c59270c3fd7afecdb556c50c9e8de78 -> 
  custom:audio-decoder-ogg-vorbis: bf7c407c2cedff20999df2af8eb42d56 -> 
========================================================================
Received Import Request.
  Time since last request: 685.041580 seconds.
  path: Assets/Materials/New Material.mat
  artifactKey: Guid(4fb6e17fedf59544aae1b6b9b3730e5f) Importer(815301076,1909f56bfc062723c751e8b465ee728b)
Start importing Assets/Materials/New Material.mat using Guid(4fb6e17fedf59544aae1b6b9b3730e5f) Importer(815301076,1909f56bfc062723c751e8b465ee728b)  -> (artifact id: 'c22cf12e93830a131fd6a31f267250c4') in 0.047338 seconds 
========================================================================
Received Import Request.
  Time since last request: 91.644190 seconds.
  path: Assets/Materials/New Material.mat
  artifactKey: Guid(4fb6e17fedf59544aae1b6b9b3730e5f) Importer(815301076,1909f56bfc062723c751e8b465ee728b)
Start importing Assets/Materials/New Material.mat using Guid(4fb6e17fedf59544aae1b6b9b3730e5f) Importer(815301076,1909f56bfc062723c751e8b465ee728b)  -> (artifact id: '565543f5cb376f3ec5a3d2beb1d462f7') in 0.010450 seconds 
========================================================================
Received Import Request.
  Time since last request: 33.533465 seconds.
  path: Assets/Materials/New Material 1.mat
  artifactKey: Guid(77634e59084cc254095c9f99f94a9314) Importer(815301076,1909f56bfc062723c751e8b465ee728b)
Start importing Assets/Materials/New Material 1.mat using Guid(77634e59084cc254095c9f99f94a9314) Importer(815301076,1909f56bfc062723c751e8b465ee728b)  -> (artifact id: 'add81ca8ca33442102927d4859a369a0') in 0.012127 seconds 
========================================================================
Received Import Request.
  Time since last request: 28.177485 seconds.
  path: Assets/Materials/New Material 2.mat
  artifactKey: Guid(79f9bbc9ba462e840a6c3547366a8562) Importer(815301076,1909f56bfc062723c751e8b465ee728b)
Start importing Assets/Materials/New Material 2.mat using Guid(79f9bbc9ba462e840a6c3547366a8562) Importer(815301076,1909f56bfc062723c751e8b465ee728b)  -> (artifact id: '143ca0bc083675ebff0cab18ec3eab08') in 0.012953 seconds 
========================================================================
Received Import Request.
  Time since last request: 23.323590 seconds.
  path: Assets/Materials/New Material 3.mat
  artifactKey: Guid(f5f1b283b1975034eb09f365713feea1) Importer(815301076,1909f56bfc062723c751e8b465ee728b)
Start importing Assets/Materials/New Material 3.mat using Guid(f5f1b283b1975034eb09f365713feea1) Importer(815301076,1909f56bfc062723c751e8b465ee728b)  -> (artifact id: '22b07d74fdcaca9c97363b50b183b250') in 0.011445 seconds 
========================================================================
Received Import Request.
  Time since last request: 252.757561 seconds.
  path: Assets/Materials/wallpaperflare.com_wallpaper.jpg
  artifactKey: Guid(698803870402e3e4aa79e1b419d1f51b) Importer(815301076,1909f56bfc062723c751e8b465ee728b)
Start importing Assets/Materials/wallpaperflare.com_wallpaper.jpg using Guid(698803870402e3e4aa79e1b419d1f51b) Importer(815301076,1909f56bfc062723c751e8b465ee728b)  -> (artifact id: 'f78f6d937487234ead697293b2aa0bba') in 0.028106 seconds 
========================================================================
Received Import Request.
  Time since last request: 17.467971 seconds.
  path: Assets/Materials/shadowless 1.mat
  artifactKey: Guid(66b984892642ebf418608245875229ee) Importer(815301076,1909f56bfc062723c751e8b465ee728b)
Start importing Assets/Materials/shadowless 1.mat using Guid(66b984892642ebf418608245875229ee) Importer(815301076,1909f56bfc062723c751e8b465ee728b)  -> (artifact id: 'cc5c0c386a0ecbab60c9f7743beb446e') in 0.014883 seconds 
========================================================================
Received Import Request.
  Time since last request: 18.006002 seconds.
  path: Assets/Materials/graf.mat
  artifactKey: Guid(66b984892642ebf418608245875229ee) Importer(815301076,1909f56bfc062723c751e8b465ee728b)
Start importing Assets/Materials/graf.mat using Guid(66b984892642ebf418608245875229ee) Importer(815301076,1909f56bfc062723c751e8b465ee728b)  -> (artifact id: '7faeef8607b681cf8ab4b2d14d2282c7') in 0.022545 seconds 
========================================================================
Received Import Request.
  Time since last request: 29.042173 seconds.
  path: Assets/Materials/graf.mat
  artifactKey: Guid(66b984892642ebf418608245875229ee) Importer(815301076,1909f56bfc062723c751e8b465ee728b)
Start importing Assets/Materials/graf.mat using Guid(66b984892642ebf418608245875229ee) Importer(815301076,1909f56bfc062723c751e8b465ee728b)  -> (artifact id: '9d0d85d78292451f82ebe4b4f45de2f4') in 0.012210 seconds 
========================================================================
Received Import Request.
  Time since last request: 243.202698 seconds.
  path: Assets/Materials/aaaaaddssdsdws.jpg
  artifactKey: Guid(185ecdcc6a833e84eb01a595e3a92552) Importer(815301076,1909f56bfc062723c751e8b465ee728b)
Start importing Assets/Materials/aaaaaddssdsdws.jpg using Guid(185ecdcc6a833e84eb01a595e3a92552) Importer(815301076,1909f56bfc062723c751e8b465ee728b)  -> (artifact id: 'bca69d8ed7fed40701432896aa248890') in 0.015992 seconds 
========================================================================
Received Import Request.
  Time since last request: 78.225850 seconds.
  path: Assets/Materials/graf.mat
  artifactKey: Guid(66b984892642ebf418608245875229ee) Importer(815301076,1909f56bfc062723c751e8b465ee728b)
Start importing Assets/Materials/graf.mat using Guid(66b984892642ebf418608245875229ee) Importer(815301076,1909f56bfc062723c751e8b465ee728b)  -> (artifact id: '76c8ce7978d5cb4f2ef61ef85b8ab952') in 0.030259 seconds 
========================================================================
Received Import Request.
  Time since last request: 28.623811 seconds.
  path: Assets/3D
  artifactKey: Guid(db97ca604b64e3641ba81d55ec74aa17) Importer(815301076,1909f56bfc062723c751e8b465ee728b)
Start importing Assets/3D using Guid(db97ca604b64e3641ba81d55ec74aa17) Importer(815301076,1909f56bfc062723c751e8b465ee728b)  -> (artifact id: '78033791375a20030b34e471dad27679') in 0.005538 seconds 
========================================================================
Received Import Request.
  Time since last request: 169.427720 seconds.
  path: Assets/HansChristianAndersen-80k.obj
  artifactKey: Guid(55a00ea1a32de8c48900ce2dcfedae55) Importer(815301076,1909f56bfc062723c751e8b465ee728b)
Start importing Assets/HansChristianAndersen-80k.obj using Guid(55a00ea1a32de8c48900ce2dcfedae55) Importer(815301076,1909f56bfc062723c751e8b465ee728b)  -> (artifact id: 'f8bd5f691bdaddcc5b64668bad8a78e0') in 0.044094 seconds 
========================================================================
Received Import Request.
  Time since last request: 35.398483 seconds.
  path: Assets/uploads_files_1827373_Arm_format3.obj
  artifactKey: Guid(ba70002081b56bf47874de5eed4c8cf6) Importer(815301076,1909f56bfc062723c751e8b465ee728b)
Start importing Assets/uploads_files_1827373_Arm_format3.obj using Guid(ba70002081b56bf47874de5eed4c8cf6) Importer(815301076,1909f56bfc062723c751e8b465ee728b)  -> (artifact id: 'cdad2cf056609440aecc7ce396c51436') in 0.048262 seconds 
========================================================================
Received Import Request.
  Time since last request: 41.536631 seconds.
  path: Assets/Materials/New Material 4.mat
  artifactKey: Guid(29d1ad048c080dd4d9a91a52e3dac556) Importer(815301076,1909f56bfc062723c751e8b465ee728b)
Start importing Assets/Materials/New Material 4.mat using Guid(29d1ad048c080dd4d9a91a52e3dac556) Importer(815301076,1909f56bfc062723c751e8b465ee728b)  -> (artifact id: 'c5cbbc10d859bbd87e14429053bbe778') in 0.012691 seconds 
========================================================================
Received Import Request.
  Time since last request: 75.090794 seconds.
  path: Assets/Materials/New Material 4.mat
  artifactKey: Guid(29d1ad048c080dd4d9a91a52e3dac556) Importer(815301076,1909f56bfc062723c751e8b465ee728b)
Start importing Assets/Materials/New Material 4.mat using Guid(29d1ad048c080dd4d9a91a52e3dac556) Importer(815301076,1909f56bfc062723c751e8b465ee728b)  -> (artifact id: 'aec71f273c757383729a5687b1d5de46') in 0.012866 seconds 
========================================================================
Received Import Request.
  Time since last request: 36.100322 seconds.
  path: Assets/Materials/Ballmats/FullBody.obj
  artifactKey: Guid(bbe625edae6045b429bd4dbd1539794a) Importer(815301076,1909f56bfc062723c751e8b465ee728b)
Start importing Assets/Materials/Ballmats/FullBody.obj using Guid(bbe625edae6045b429bd4dbd1539794a) Importer(815301076,1909f56bfc062723c751e8b465ee728b)  -> (artifact id: '4498d2c62e7af2683084e4310c92bb42') in 0.089525 seconds 
========================================================================
Received Import Request.
  Time since last request: 58.247289 seconds.
  path: Assets/3D/bouquetM.fbx
  artifactKey: Guid(220aa3f53b6baba43afe6d438d15c472) Importer(815301076,1909f56bfc062723c751e8b465ee728b)
Start importing Assets/3D/bouquetM.fbx using Guid(220aa3f53b6baba43afe6d438d15c472) Importer(815301076,1909f56bfc062723c751e8b465ee728b)  -> (artifact id: 'b52c83fd05dee429f093b2b192f92ee5') in 1.369136 seconds 
========================================================================
Received Import Request.
  Time since last request: 35.728486 seconds.
  path: Assets/Materials/New Material 5.mat
  artifactKey: Guid(59212c98655b5d3409caa2704fd06844) Importer(815301076,1909f56bfc062723c751e8b465ee728b)
Start importing Assets/Materials/New Material 5.mat using Guid(59212c98655b5d3409caa2704fd06844) Importer(815301076,1909f56bfc062723c751e8b465ee728b)  -> (artifact id: '7d9d634c5aade4324a68fe6e51ec2951') in 0.012525 seconds 
========================================================================
Received Import Request.
  Time since last request: 35.166079 seconds.
  path: Assets/Materials/New Material 4.mat
  artifactKey: Guid(29d1ad048c080dd4d9a91a52e3dac556) Importer(815301076,1909f56bfc062723c751e8b465ee728b)
Start importing Assets/Materials/New Material 4.mat using Guid(29d1ad048c080dd4d9a91a52e3dac556) Importer(815301076,1909f56bfc062723c751e8b465ee728b)  -> (artifact id: 'cdb2d033cd00c118f279f926b26213be') in 0.026106 seconds 
========================================================================
Received Import Request.
  Time since last request: 203.474476 seconds.
  path: Assets/Materials/New Material 5.mat
  artifactKey: Guid(59212c98655b5d3409caa2704fd06844) Importer(815301076,1909f56bfc062723c751e8b465ee728b)
Start importing Assets/Materials/New Material 5.mat using Guid(59212c98655b5d3409caa2704fd06844) Importer(815301076,1909f56bfc062723c751e8b465ee728b)  -> (artifact id: '8fd7783253cce02b041d350049abdda2') in 0.012887 seconds 
========================================================================
Received Prepare
Registering precompiled user dll's ...
Registered in 0.003299 seconds.
Begin MonoManager ReloadAssembly
Symbol file LoadedFromMemory doesn't match image C:\Users\leeja\Documents\Flatland\Library\PackageCache\com.unity.visualscripting@1.7.8\Editor\VisualScripting.Core\Dependencies\YamlDotNet\Unity.VisualScripting.YamlDotNet.dll
Symbol file LoadedFromMemory doesn't match image C:\Users\leeja\Documents\Flatland\Library\PackageCache\com.unity.visualscripting@1.7.8\Editor\VisualScripting.Core\Dependencies\DotNetZip\Unity.VisualScripting.IonicZip.dll
Native extension for WindowsStandalone target not found
Native extension for WebGL target not found
Refreshing native plugins compatible for Editor in 0.57 ms, found 3 plugins.
Preloading 0 native plugins for Editor in 0.00 ms.
Mono: successfully reloaded assembly
- Completed reload, in  0.696 seconds
Domain Reload Profiling:
	ReloadAssembly (697ms)
		BeginReloadAssembly (95ms)
			ExecutionOrderSort (0ms)
			DisableScriptedObjects (2ms)
			BackupInstance (0ms)
			ReleaseScriptingObjects (0ms)
			CreateAndSetChildDomain (30ms)
		EndReloadAssembly (542ms)
			LoadAssemblies (61ms)
			RebuildTransferFunctionScriptingTraits (0ms)
			SetupTypeCache (167ms)
				TypeCache.Initialize (165ms)
					TypeCache.ScanAssembly (161ms)
				ResolveRequiredComponents (3ms)
			ReleaseScriptCaches (1ms)
			RebuildScriptCaches (28ms)
			SetupLoadedEditorAssemblies (256ms)
				LogAssemblyErrors (0ms)
				InitializePlatformSupportModulesInManaged (9ms)
				SetLoadedEditorAssemblies (4ms)
				RefreshPlugins (1ms)
				BeforeProcessingInitializeOnLoad (49ms)
				ProcessInitializeOnLoadAttributes (143ms)
				ProcessInitializeOnLoadMethodAttributes (44ms)
				AfterProcessingInitializeOnLoad (5ms)
				EditorAssembliesLoaded (0ms)
			ExecutionOrderSort2 (0ms)
			AwakeInstancesAfterBackupRestoration (5ms)
Platform modules already initialized, skipping
Refreshing native plugins compatible for Editor in 1.35 ms, found 3 plugins.
Preloading 0 native plugins for Editor in 0.00 ms.
Unloading 4730 Unused Serialized files (Serialized files now loaded: 0)
Unloading 24 unused Assets / (321.1 KB). Loaded Objects now: 5325.
Memory consumption went from 0.72 GB to 0.72 GB.
Total: 2.530100 ms (FindLiveObjects: 0.169800 ms CreateObjectMapping: 0.064100 ms MarkObjects: 2.141700 ms  DeleteObjects: 0.153900 ms)

AssetImportParameters requested are different than current active one (requested -> active):
  custom:video-decoder-ogg-theora: a1e56fd34408186e4bbccfd4996cb3dc -> 
  custom:container-muxer-webm: aa71ff27fc2769a1b78a27578f13a17b -> 
  custom:container-demuxer-webm: 4f35f7cbe854078d1ac9338744f61a02 -> 
  custom:video-encoder-webm-vp8: eb34c28f22e8b96e1ab97ce403110664 -> 
  custom:video-codec-MediaFoundation-h265: 746d11721c4dcdbdad8f713fa42b33f4 -> 
  custom:audio-encoder-webm-vorbis: bf7c407c2cedff20999df2af8eb42d56 -> 
  custom:framework-win-MediaFoundation: 216162199b28c13a410421893ffa2e32 -> 
  custom:container-demuxer-ogg: 62fdf1f143b41e24485cea50d1cbac27 -> 
  custom:video-decoder-webm-vp8: 9c59270c3fd7afecdb556c50c9e8de78 -> 
  custom:audio-decoder-ogg-vorbis: bf7c407c2cedff20999df2af8eb42d56 -> 
========================================================================
Received Prepare
Registering precompiled user dll's ...
Registered in 0.003863 seconds.
Begin MonoManager ReloadAssembly
Symbol file LoadedFromMemory doesn't match image C:\Users\leeja\Documents\Flatland\Library\PackageCache\com.unity.visualscripting@1.7.8\Editor\VisualScripting.Core\Dependencies\YamlDotNet\Unity.VisualScripting.YamlDotNet.dll
Symbol file LoadedFromMemory doesn't match image C:\Users\leeja\Documents\Flatland\Library\PackageCache\com.unity.visualscripting@1.7.8\Editor\VisualScripting.Core\Dependencies\DotNetZip\Unity.VisualScripting.IonicZip.dll
Native extension for WindowsStandalone target not found
Native extension for WebGL target not found
Refreshing native plugins compatible for Editor in 0.53 ms, found 3 plugins.
Preloading 0 native plugins for Editor in 0.00 ms.
Mono: successfully reloaded assembly
- Completed reload, in  0.655 seconds
Domain Reload Profiling:
	ReloadAssembly (656ms)
		BeginReloadAssembly (82ms)
			ExecutionOrderSort (0ms)
			DisableScriptedObjects (2ms)
			BackupInstance (0ms)
			ReleaseScriptingObjects (0ms)
			CreateAndSetChildDomain (23ms)
		EndReloadAssembly (520ms)
			LoadAssemblies (53ms)
			RebuildTransferFunctionScriptingTraits (0ms)
			SetupTypeCache (154ms)
				TypeCache.Initialize (151ms)
					TypeCache.ScanAssembly (148ms)
				ResolveRequiredComponents (3ms)
			ReleaseScriptCaches (1ms)
			RebuildScriptCaches (27ms)
			SetupLoadedEditorAssemblies (253ms)
				LogAssemblyErrors (0ms)
				InitializePlatformSupportModulesInManaged (9ms)
				SetLoadedEditorAssemblies (4ms)
				RefreshPlugins (1ms)
				BeforeProcessingInitializeOnLoad (48ms)
				ProcessInitializeOnLoadAttributes (144ms)
				ProcessInitializeOnLoadMethodAttributes (44ms)
				AfterProcessingInitializeOnLoad (5ms)
				EditorAssembliesLoaded (0ms)
			ExecutionOrderSort2 (0ms)
			AwakeInstancesAfterBackupRestoration (5ms)
Platform modules already initialized, skipping
Refreshing native plugins compatible for Editor in 1.56 ms, found 3 plugins.
Preloading 0 native plugins for Editor in 0.00 ms.
Unloading 4731 Unused Serialized files (Serialized files now loaded: 0)
Unloading 24 unused Assets / (328.0 KB). Loaded Objects now: 5328.
Memory consumption went from 0.72 GB to 0.72 GB.
Total: 2.005500 ms (FindLiveObjects: 0.171600 ms CreateObjectMapping: 0.059300 ms MarkObjects: 1.622800 ms  DeleteObjects: 0.151000 ms)

AssetImportParameters requested are different than current active one (requested -> active):
  custom:video-decoder-ogg-theora: a1e56fd34408186e4bbccfd4996cb3dc -> 
  custom:container-muxer-webm: aa71ff27fc2769a1b78a27578f13a17b -> 
  custom:container-demuxer-webm: 4f35f7cbe854078d1ac9338744f61a02 -> 
  custom:video-encoder-webm-vp8: eb34c28f22e8b96e1ab97ce403110664 -> 
  custom:video-codec-MediaFoundation-h265: 746d11721c4dcdbdad8f713fa42b33f4 -> 
  custom:audio-encoder-webm-vorbis: bf7c407c2cedff20999df2af8eb42d56 -> 
  custom:framework-win-MediaFoundation: 216162199b28c13a410421893ffa2e32 -> 
  custom:container-demuxer-ogg: 62fdf1f143b41e24485cea50d1cbac27 -> 
  custom:video-decoder-webm-vp8: 9c59270c3fd7afecdb556c50c9e8de78 -> 
  custom:audio-decoder-ogg-vorbis: bf7c407c2cedff20999df2af8eb42d56 -> 
========================================================================
Received Import Request.
  Time since last request: 328.472504 seconds.
  path: Assets/Materials/Materials
  artifactKey: Guid(9eb01eef40fd1e54a91afa2b93b5662c) Importer(815301076,1909f56bfc062723c751e8b465ee728b)
Start importing Assets/Materials/Materials using Guid(9eb01eef40fd1e54a91afa2b93b5662c) Importer(815301076,1909f56bfc062723c751e8b465ee728b)  -> (artifact id: '59eee7f05257f59afcfd3a414e500a3b') in 0.008166 seconds 
========================================================================
Received Import Request.
  Time since last request: 0.049074 seconds.
  path: Assets/Materials/Materials/wallpaperflare.com_wallpaper.mat
  artifactKey: Guid(a34d4190f57d6304da9e3339c2877680) Importer(815301076,1909f56bfc062723c751e8b465ee728b)
Start importing Assets/Materials/Materials/wallpaperflare.com_wallpaper.mat using Guid(a34d4190f57d6304da9e3339c2877680) Importer(815301076,1909f56bfc062723c751e8b465ee728b)  -> (artifact id: '454ac5aa226b929da43df4d2337613fd') in 0.046619 seconds 
========================================================================
Received Import Request.
  Time since last request: 4.927012 seconds.
  path: Packages/com.unity.probuilder/Content/Icons/Toolbar/Background/AccentBar_Bottom.png
  artifactKey: Guid(19fabf6370255433fa736008910e1bf2) Importer(815301076,1909f56bfc062723c751e8b465ee728b)
Start importing Packages/com.unity.probuilder/Content/Icons/Toolbar/Background/AccentBar_Bottom.png using Guid(19fabf6370255433fa736008910e1bf2) Importer(815301076,1909f56bfc062723c751e8b465ee728b)  -> (artifact id: 'fa3d18d150200e7af086127c9859f835') in 0.017048 seconds 
========================================================================
Received Import Request.
  Time since last request: 0.002632 seconds.
  path: Packages/com.unity.collab-proxy/Editor/Collaborate/Assets/Icons/added-file-dark@2x.png
  artifactKey: Guid(c223e0c507e2c6549a2cb97441b62cbe) Importer(815301076,1909f56bfc062723c751e8b465ee728b)
Start importing Packages/com.unity.collab-proxy/Editor/Collaborate/Assets/Icons/added-file-dark@2x.png using Guid(c223e0c507e2c6549a2cb97441b62cbe) Importer(815301076,1909f56bfc062723c751e8b465ee728b)  -> (artifact id: '2dcff39de523a3bf6d2e03cd10df0c9e') in 0.022116 seconds 
========================================================================
Received Import Request.
  Time since last request: 0.000017 seconds.
  path: Packages/com.unity.collab-proxy/Editor/Collaborate/Assets/Icons/added-file-light@2x.png
  artifactKey: Guid(ec2e3aa6d0ab8ce4eac29b56d65d61d5) Importer(815301076,1909f56bfc062723c751e8b465ee728b)
Start importing Packages/com.unity.collab-proxy/Editor/Collaborate/Assets/Icons/added-file-light@2x.png using Guid(ec2e3aa6d0ab8ce4eac29b56d65d61d5) Importer(815301076,1909f56bfc062723c751e8b465ee728b)  -> (artifact id: 'da797b954b0b7cc8fbabc4f70be3a4b5') in 0.014269 seconds 
========================================================================
Received Import Request.
  Time since last request: 144.703122 seconds.
  path: Assets/Materials/New Material.mat
  artifactKey: Guid(4fb6e17fedf59544aae1b6b9b3730e5f) Importer(815301076,1909f56bfc062723c751e8b465ee728b)
Start importing Assets/Materials/New Material.mat using Guid(4fb6e17fedf59544aae1b6b9b3730e5f) Importer(815301076,1909f56bfc062723c751e8b465ee728b)  -> (artifact id: 'b40f059a27a6f56446386799bcfa294b') in 0.014222 seconds 
========================================================================
Received Import Request.
  Time since last request: 0.000016 seconds.
  path: Assets/Materials/New Material 3.mat
  artifactKey: Guid(f5f1b283b1975034eb09f365713feea1) Importer(815301076,1909f56bfc062723c751e8b465ee728b)
Start importing Assets/Materials/New Material 3.mat using Guid(f5f1b283b1975034eb09f365713feea1) Importer(815301076,1909f56bfc062723c751e8b465ee728b)  -> (artifact id: 'b358331338b3acfdc317a47cd4af3052') in 0.009444 seconds 
